<?xml version="1.0" encoding="UTF-8"?>
<!-- Generated by org.testng.reporters.JUnitXMLReporter -->
<testsuite ignored="0" hostname="DESKTOP-U1F0512" failures="4" tests="8" name="OragneHRM Test" time="70.615" errors="0" timestamp="30 Jul 2020 17:05:56 GMT">
  <testcase classname="com.orangehrm.TestCases.LoginTest" name="loginTest" time="4.843"/>
  <testcase classname="com.orangehrm.TestCases.LoginDDTest" name="logindatadriven" time="9.604"/>
  <testcase classname="com.orangehrm.TestCases.LoginDDTest" name="logindatadriven" time="4.033">
    <failure type="java.lang.AssertionError" message="expected [true] but found [false]">
      <![CDATA[java.lang.AssertionError: expected [true] but found [false]
at com.orangehrm.TestCases.LoginDDTest.logindatadriven(LoginDDTest.java:31)
... Removed 29 stack frames]]>
    </failure>
  </testcase> <!-- logindatadriven -->
  <testcase classname="com.orangehrm.TestCases.LoginDDTest" name="logindatadriven" time="3.862">
    <failure type="java.lang.AssertionError" message="expected [true] but found [false]">
      <![CDATA[java.lang.AssertionError: expected [true] but found [false]
at com.orangehrm.TestCases.LoginDDTest.logindatadriven(LoginDDTest.java:31)
... Removed 29 stack frames]]>
    </failure>
  </testcase> <!-- logindatadriven -->
  <testcase classname="com.orangehrm.TestCases.LoginDDTest" name="logindatadriven" time="9.232"/>
  <testcase classname="com.orangehrm.TestCases.LoginDDTest" name="logindatadriven" time="3.988">
    <failure type="java.lang.AssertionError" message="expected [true] but found [false]">
      <![CDATA[java.lang.AssertionError: expected [true] but found [false]
at com.orangehrm.TestCases.LoginDDTest.logindatadriven(LoginDDTest.java:31)
... Removed 29 stack frames]]>
    </failure>
  </testcase> <!-- logindatadriven -->
  <testcase classname="com.orangehrm.TestCases.LoginDDTest" name="logindatadriven" time="3.839">
    <failure type="java.lang.AssertionError" message="expected [true] but found [false]">
      <![CDATA[java.lang.AssertionError: expected [true] but found [false]
at com.orangehrm.TestCases.LoginDDTest.logindatadriven(LoginDDTest.java:31)
... Removed 29 stack frames]]>
    </failure>
  </testcase> <!-- logindatadriven -->
  <testcase classname="com.orangehrm.TestCases.PersonalDetailsTest" name="editpersonaldetails" time="10.565"/>
</testsuite> <!-- OragneHRM Test -->
