<?xml version="1.0" encoding="UTF-8"?>
<testng-results ignored="0" total="8" passed="4" failed="4" skipped="0">
  <reporter-output>
  </reporter-output>
  <suite started-at="2020-07-31T15:45:45Z" name="OrageHRM" finished-at="2020-07-31T15:46:57Z" duration-ms="71688">
    <groups>
    </groups>
    <test started-at="2020-07-31T15:45:45Z" name="OragneHRM Test" finished-at="2020-07-31T15:46:57Z" duration-ms="71688">
      <class name="com.orangehrm.TestCases.LoginDDTest">
        <test-method is-config="true" signature="setup(java.lang.String)[pri:0, instance:com.orangehrm.TestCases.LoginDDTest@7526515b]" started-at="2020-07-31T15:46:02Z" name="setup" finished-at="2020-07-31T15:46:06Z" duration-ms="4521" status="PASS">
          <params>
            <param index="0">
              <value>
                <![CDATA[Chrome]]>
              </value>
            </param>
          </params>
          <reporter-output>
          </reporter-output>
        </test-method> <!-- setup -->
        <test-method signature="logindatadriven(java.lang.String, java.lang.String)[pri:0, instance:com.orangehrm.TestCases.LoginDDTest@7526515b]" started-at="2020-07-31T15:46:07Z" name="logindatadriven" data-provider="LoginData" finished-at="2020-07-31T15:46:16Z" duration-ms="9023" status="PASS">
          <params>
            <param index="0">
              <value>
                <![CDATA[automation]]>
              </value>
            </param>
            <param index="1">
              <value>
                <![CDATA[Automation@123]]>
              </value>
            </param>
          </params>
          <reporter-output>
          </reporter-output>
        </test-method> <!-- logindatadriven -->
        <test-method signature="logindatadriven(java.lang.String, java.lang.String)[pri:0, instance:com.orangehrm.TestCases.LoginDDTest@7526515b]" started-at="2020-07-31T15:46:16Z" name="logindatadriven" data-provider="LoginData" finished-at="2020-07-31T15:46:20Z" duration-ms="3796" status="FAIL">
          <params>
            <param index="0">
              <value>
                <![CDATA[Xyztqe]]>
              </value>
            </param>
            <param index="1">
              <value>
                <![CDATA[xwffw]]>
              </value>
            </param>
          </params>
          <exception class="java.lang.AssertionError">
            <message>
              <![CDATA[expected [true] but found [false]]]>
            </message>
            <full-stacktrace>
              <![CDATA[java.lang.AssertionError: expected [true] but found [false]
at org.testng.Assert.fail(Assert.java:96)
at org.testng.Assert.failNotEquals(Assert.java:776)
at org.testng.Assert.assertTrue(Assert.java:44)
at org.testng.Assert.assertTrue(Assert.java:54)
at com.orangehrm.TestCases.LoginDDTest.logindatadriven(LoginDDTest.java:31)
at java.base/jdk.internal.reflect.NativeMethodAccessorImpl.invoke0(Native Method)
at java.base/jdk.internal.reflect.NativeMethodAccessorImpl.invoke(NativeMethodAccessorImpl.java:62)
at java.base/jdk.internal.reflect.DelegatingMethodAccessorImpl.invoke(DelegatingMethodAccessorImpl.java:43)
at java.base/java.lang.reflect.Method.invoke(Method.java:564)
at org.testng.internal.MethodInvocationHelper.invokeMethod(MethodInvocationHelper.java:124)
at org.testng.internal.Invoker.invokeMethod(Invoker.java:583)
at org.testng.internal.Invoker.invokeTestMethod(Invoker.java:719)
at org.testng.internal.Invoker.invokeTestMethods(Invoker.java:989)
at org.testng.internal.TestMethodWorker.invokeTestMethods(TestMethodWorker.java:125)
at org.testng.internal.TestMethodWorker.run(TestMethodWorker.java:109)
at org.testng.TestRunner.privateRun(TestRunner.java:648)
at org.testng.TestRunner.run(TestRunner.java:505)
at org.testng.SuiteRunner.runTest(SuiteRunner.java:455)
at org.testng.SuiteRunner.runSequentially(SuiteRunner.java:450)
at org.testng.SuiteRunner.privateRun(SuiteRunner.java:415)
at org.testng.SuiteRunner.run(SuiteRunner.java:364)
at org.testng.SuiteRunnerWorker.runSuite(SuiteRunnerWorker.java:52)
at org.testng.SuiteRunnerWorker.run(SuiteRunnerWorker.java:84)
at org.testng.TestNG.runSuitesSequentially(TestNG.java:1208)
at org.testng.TestNG.runSuitesLocally(TestNG.java:1137)
at org.testng.TestNG.runSuites(TestNG.java:1049)
at org.testng.TestNG.run(TestNG.java:1017)
at org.testng.remote.AbstractRemoteTestNG.run(AbstractRemoteTestNG.java:115)
at org.testng.remote.RemoteTestNG.initAndRun(RemoteTestNG.java:251)
at org.testng.remote.RemoteTestNG.main(RemoteTestNG.java:77)
]]>
            </full-stacktrace>
          </exception> <!-- java.lang.AssertionError -->
          <reporter-output>
          </reporter-output>
        </test-method> <!-- logindatadriven -->
        <test-method signature="logindatadriven(java.lang.String, java.lang.String)[pri:0, instance:com.orangehrm.TestCases.LoginDDTest@7526515b]" started-at="2020-07-31T15:46:20Z" name="logindatadriven" data-provider="LoginData" finished-at="2020-07-31T15:46:24Z" duration-ms="3929" status="FAIL">
          <params>
            <param index="0">
              <value>
                <![CDATA[fsdfsf]]>
              </value>
            </param>
            <param index="1">
              <value>
                <![CDATA[3654dfdf]]>
              </value>
            </param>
          </params>
          <exception class="java.lang.AssertionError">
            <message>
              <![CDATA[expected [true] but found [false]]]>
            </message>
            <full-stacktrace>
              <![CDATA[java.lang.AssertionError: expected [true] but found [false]
at org.testng.Assert.fail(Assert.java:96)
at org.testng.Assert.failNotEquals(Assert.java:776)
at org.testng.Assert.assertTrue(Assert.java:44)
at org.testng.Assert.assertTrue(Assert.java:54)
at com.orangehrm.TestCases.LoginDDTest.logindatadriven(LoginDDTest.java:31)
at java.base/jdk.internal.reflect.NativeMethodAccessorImpl.invoke0(Native Method)
at java.base/jdk.internal.reflect.NativeMethodAccessorImpl.invoke(NativeMethodAccessorImpl.java:62)
at java.base/jdk.internal.reflect.DelegatingMethodAccessorImpl.invoke(DelegatingMethodAccessorImpl.java:43)
at java.base/java.lang.reflect.Method.invoke(Method.java:564)
at org.testng.internal.MethodInvocationHelper.invokeMethod(MethodInvocationHelper.java:124)
at org.testng.internal.Invoker.invokeMethod(Invoker.java:583)
at org.testng.internal.Invoker.invokeTestMethod(Invoker.java:719)
at org.testng.internal.Invoker.invokeTestMethods(Invoker.java:989)
at org.testng.internal.TestMethodWorker.invokeTestMethods(TestMethodWorker.java:125)
at org.testng.internal.TestMethodWorker.run(TestMethodWorker.java:109)
at org.testng.TestRunner.privateRun(TestRunner.java:648)
at org.testng.TestRunner.run(TestRunner.java:505)
at org.testng.SuiteRunner.runTest(SuiteRunner.java:455)
at org.testng.SuiteRunner.runSequentially(SuiteRunner.java:450)
at org.testng.SuiteRunner.privateRun(SuiteRunner.java:415)
at org.testng.SuiteRunner.run(SuiteRunner.java:364)
at org.testng.SuiteRunnerWorker.runSuite(SuiteRunnerWorker.java:52)
at org.testng.SuiteRunnerWorker.run(SuiteRunnerWorker.java:84)
at org.testng.TestNG.runSuitesSequentially(TestNG.java:1208)
at org.testng.TestNG.runSuitesLocally(TestNG.java:1137)
at org.testng.TestNG.runSuites(TestNG.java:1049)
at org.testng.TestNG.run(TestNG.java:1017)
at org.testng.remote.AbstractRemoteTestNG.run(AbstractRemoteTestNG.java:115)
at org.testng.remote.RemoteTestNG.initAndRun(RemoteTestNG.java:251)
at org.testng.remote.RemoteTestNG.main(RemoteTestNG.java:77)
]]>
            </full-stacktrace>
          </exception> <!-- java.lang.AssertionError -->
          <reporter-output>
          </reporter-output>
        </test-method> <!-- logindatadriven -->
        <test-method signature="logindatadriven(java.lang.String, java.lang.String)[pri:0, instance:com.orangehrm.TestCases.LoginDDTest@7526515b]" started-at="2020-07-31T15:46:24Z" name="logindatadriven" data-provider="LoginData" finished-at="2020-07-31T15:46:33Z" duration-ms="8643" status="PASS">
          <params>
            <param index="0">
              <value>
                <![CDATA[automation]]>
              </value>
            </param>
            <param index="1">
              <value>
                <![CDATA[Automation@123]]>
              </value>
            </param>
          </params>
          <reporter-output>
          </reporter-output>
        </test-method> <!-- logindatadriven -->
        <test-method signature="logindatadriven(java.lang.String, java.lang.String)[pri:0, instance:com.orangehrm.TestCases.LoginDDTest@7526515b]" started-at="2020-07-31T15:46:33Z" name="logindatadriven" data-provider="LoginData" finished-at="2020-07-31T15:46:36Z" duration-ms="3737" status="FAIL">
          <params>
            <param index="0">
              <value>
                <![CDATA[dffddf]]>
              </value>
            </param>
            <param index="1">
              <value>
                <![CDATA[32323ffasf]]>
              </value>
            </param>
          </params>
          <exception class="java.lang.AssertionError">
            <message>
              <![CDATA[expected [true] but found [false]]]>
            </message>
            <full-stacktrace>
              <![CDATA[java.lang.AssertionError: expected [true] but found [false]
at org.testng.Assert.fail(Assert.java:96)
at org.testng.Assert.failNotEquals(Assert.java:776)
at org.testng.Assert.assertTrue(Assert.java:44)
at org.testng.Assert.assertTrue(Assert.java:54)
at com.orangehrm.TestCases.LoginDDTest.logindatadriven(LoginDDTest.java:31)
at java.base/jdk.internal.reflect.NativeMethodAccessorImpl.invoke0(Native Method)
at java.base/jdk.internal.reflect.NativeMethodAccessorImpl.invoke(NativeMethodAccessorImpl.java:62)
at java.base/jdk.internal.reflect.DelegatingMethodAccessorImpl.invoke(DelegatingMethodAccessorImpl.java:43)
at java.base/java.lang.reflect.Method.invoke(Method.java:564)
at org.testng.internal.MethodInvocationHelper.invokeMethod(MethodInvocationHelper.java:124)
at org.testng.internal.Invoker.invokeMethod(Invoker.java:583)
at org.testng.internal.Invoker.invokeTestMethod(Invoker.java:719)
at org.testng.internal.Invoker.invokeTestMethods(Invoker.java:989)
at org.testng.internal.TestMethodWorker.invokeTestMethods(TestMethodWorker.java:125)
at org.testng.internal.TestMethodWorker.run(TestMethodWorker.java:109)
at org.testng.TestRunner.privateRun(TestRunner.java:648)
at org.testng.TestRunner.run(TestRunner.java:505)
at org.testng.SuiteRunner.runTest(SuiteRunner.java:455)
at org.testng.SuiteRunner.runSequentially(SuiteRunner.java:450)
at org.testng.SuiteRunner.privateRun(SuiteRunner.java:415)
at org.testng.SuiteRunner.run(SuiteRunner.java:364)
at org.testng.SuiteRunnerWorker.runSuite(SuiteRunnerWorker.java:52)
at org.testng.SuiteRunnerWorker.run(SuiteRunnerWorker.java:84)
at org.testng.TestNG.runSuitesSequentially(TestNG.java:1208)
at org.testng.TestNG.runSuitesLocally(TestNG.java:1137)
at org.testng.TestNG.runSuites(TestNG.java:1049)
at org.testng.TestNG.run(TestNG.java:1017)
at org.testng.remote.AbstractRemoteTestNG.run(AbstractRemoteTestNG.java:115)
at org.testng.remote.RemoteTestNG.initAndRun(RemoteTestNG.java:251)
at org.testng.remote.RemoteTestNG.main(RemoteTestNG.java:77)
]]>
            </full-stacktrace>
          </exception> <!-- java.lang.AssertionError -->
          <reporter-output>
          </reporter-output>
        </test-method> <!-- logindatadriven -->
        <test-method signature="logindatadriven(java.lang.String, java.lang.String)[pri:0, instance:com.orangehrm.TestCases.LoginDDTest@7526515b]" started-at="2020-07-31T15:46:36Z" name="logindatadriven" data-provider="LoginData" finished-at="2020-07-31T15:46:40Z" duration-ms="3898" status="FAIL">
          <params>
            <param index="0">
              <value>
                <![CDATA[Peter]]>
              </value>
            </param>
            <param index="1">
              <value>
                <![CDATA[123DFf]]>
              </value>
            </param>
          </params>
          <exception class="java.lang.AssertionError">
            <message>
              <![CDATA[expected [true] but found [false]]]>
            </message>
            <full-stacktrace>
              <![CDATA[java.lang.AssertionError: expected [true] but found [false]
at org.testng.Assert.fail(Assert.java:96)
at org.testng.Assert.failNotEquals(Assert.java:776)
at org.testng.Assert.assertTrue(Assert.java:44)
at org.testng.Assert.assertTrue(Assert.java:54)
at com.orangehrm.TestCases.LoginDDTest.logindatadriven(LoginDDTest.java:31)
at java.base/jdk.internal.reflect.NativeMethodAccessorImpl.invoke0(Native Method)
at java.base/jdk.internal.reflect.NativeMethodAccessorImpl.invoke(NativeMethodAccessorImpl.java:62)
at java.base/jdk.internal.reflect.DelegatingMethodAccessorImpl.invoke(DelegatingMethodAccessorImpl.java:43)
at java.base/java.lang.reflect.Method.invoke(Method.java:564)
at org.testng.internal.MethodInvocationHelper.invokeMethod(MethodInvocationHelper.java:124)
at org.testng.internal.Invoker.invokeMethod(Invoker.java:583)
at org.testng.internal.Invoker.invokeTestMethod(Invoker.java:719)
at org.testng.internal.Invoker.invokeTestMethods(Invoker.java:989)
at org.testng.internal.TestMethodWorker.invokeTestMethods(TestMethodWorker.java:125)
at org.testng.internal.TestMethodWorker.run(TestMethodWorker.java:109)
at org.testng.TestRunner.privateRun(TestRunner.java:648)
at org.testng.TestRunner.run(TestRunner.java:505)
at org.testng.SuiteRunner.runTest(SuiteRunner.java:455)
at org.testng.SuiteRunner.runSequentially(SuiteRunner.java:450)
at org.testng.SuiteRunner.privateRun(SuiteRunner.java:415)
at org.testng.SuiteRunner.run(SuiteRunner.java:364)
at org.testng.SuiteRunnerWorker.runSuite(SuiteRunnerWorker.java:52)
at org.testng.SuiteRunnerWorker.run(SuiteRunnerWorker.java:84)
at org.testng.TestNG.runSuitesSequentially(TestNG.java:1208)
at org.testng.TestNG.runSuitesLocally(TestNG.java:1137)
at org.testng.TestNG.runSuites(TestNG.java:1049)
at org.testng.TestNG.run(TestNG.java:1017)
at org.testng.remote.AbstractRemoteTestNG.run(AbstractRemoteTestNG.java:115)
at org.testng.remote.RemoteTestNG.initAndRun(RemoteTestNG.java:251)
at org.testng.remote.RemoteTestNG.main(RemoteTestNG.java:77)
]]>
            </full-stacktrace>
          </exception> <!-- java.lang.AssertionError -->
          <reporter-output>
          </reporter-output>
        </test-method> <!-- logindatadriven -->
        <test-method is-config="true" signature="close()[pri:0, instance:com.orangehrm.TestCases.LoginDDTest@7526515b]" started-at="2020-07-31T15:46:40Z" name="close" finished-at="2020-07-31T15:46:41Z" duration-ms="657" status="PASS">
          <reporter-output>
          </reporter-output>
        </test-method> <!-- close -->
      </class> <!-- com.orangehrm.TestCases.LoginDDTest -->
      <class name="com.orangehrm.TestCases.PersonalDetailsTest">
        <test-method is-config="true" signature="setup(java.lang.String)[pri:0, instance:com.orangehrm.TestCases.PersonalDetailsTest@1ed4ae0f]" started-at="2020-07-31T15:46:41Z" name="setup" finished-at="2020-07-31T15:46:46Z" duration-ms="4641" status="PASS">
          <params>
            <param index="0">
              <value>
                <![CDATA[Chrome]]>
              </value>
            </param>
          </params>
          <reporter-output>
          </reporter-output>
        </test-method> <!-- setup -->
        <test-method signature="editpersonaldetails()[pri:0, instance:com.orangehrm.TestCases.PersonalDetailsTest@1ed4ae0f]" started-at="2020-07-31T15:46:46Z" name="editpersonaldetails" finished-at="2020-07-31T15:46:56Z" duration-ms="10196" status="PASS">
          <reporter-output>
          </reporter-output>
        </test-method> <!-- editpersonaldetails -->
        <test-method is-config="true" signature="close()[pri:0, instance:com.orangehrm.TestCases.PersonalDetailsTest@1ed4ae0f]" started-at="2020-07-31T15:46:56Z" name="close" finished-at="2020-07-31T15:46:57Z" duration-ms="682" status="PASS">
          <reporter-output>
          </reporter-output>
        </test-method> <!-- close -->
      </class> <!-- com.orangehrm.TestCases.PersonalDetailsTest -->
      <class name="com.orangehrm.TestCases.LoginTest">
        <test-method is-config="true" signature="setup(java.lang.String)[pri:0, instance:com.orangehrm.TestCases.LoginTest@644baf4a]" started-at="2020-07-31T15:45:45Z" name="setup" finished-at="2020-07-31T15:45:54Z" duration-ms="9370" status="PASS">
          <params>
            <param index="0">
              <value>
                <![CDATA[Chrome]]>
              </value>
            </param>
          </params>
          <reporter-output>
          </reporter-output>
        </test-method> <!-- setup -->
        <test-method signature="loginTest()[pri:0, instance:com.orangehrm.TestCases.LoginTest@644baf4a]" started-at="2020-07-31T15:45:54Z" name="loginTest" finished-at="2020-07-31T15:46:01Z" duration-ms="6476" status="PASS">
          <reporter-output>
          </reporter-output>
        </test-method> <!-- loginTest -->
        <test-method is-config="true" signature="close()[pri:0, instance:com.orangehrm.TestCases.LoginTest@644baf4a]" started-at="2020-07-31T15:46:01Z" name="close" finished-at="2020-07-31T15:46:02Z" duration-ms="653" status="PASS">
          <reporter-output>
          </reporter-output>
        </test-method> <!-- close -->
      </class> <!-- com.orangehrm.TestCases.LoginTest -->
    </test> <!-- OragneHRM Test -->
  </suite> <!-- OrageHRM -->
</testng-results>
